#
# There is insufficient memory for the Java Runtime Environment to continue.
# Native memory allocation (malloc) failed to allocate 1707056 bytes. Error detail: Chunk::new
# Possible reasons:
#   The system is out of physical RAM or swap space
#   This process is running with CompressedOops enabled, and the Java Heap may be blocking the growth of the native heap
# Possible solutions:
#   Reduce memory load on the system
#   Increase physical memory or swap space
#   Check if swap backing store is full
#   Decrease Java heap size (-Xmx/-Xms)
#   Decrease number of Java threads
#   Decrease Java thread stack sizes (-Xss)
#   Set larger code cache with -XX:ReservedCodeCacheSize=
#   JVM is running with Unscaled Compressed Oops mode in which the Java heap is
#     placed in the first 4GB address space. The Java Heap base address is the
#     maximum limit for the native heap growth. Please use -XX:HeapBaseMinAddress
#     to set the Java Heap base and to place the Java Heap above 4GB virtual address.
# This output file may be truncated or incomplete.
#
#  Out of Memory Error (arena.cpp:191), pid=9492, tid=22028
#
# JRE version: OpenJDK Runtime Environment Temurin-17.0.13+11 (17.0.13+11) (build 17.0.13+11)
# Java VM: OpenJDK 64-Bit Server VM Temurin-17.0.13+11 (17.0.13+11, mixed mode, tiered, compressed oops, compressed class ptrs, parallel gc, windows-amd64)
# No core dump will be written. Minidumps are not enabled by default on client versions of Windows
#

---------------  S U M M A R Y ------------

Command Line: --add-modules=ALL-SYSTEM --add-opens=java.base/java.util=ALL-UNNAMED --add-opens=java.base/java.lang=ALL-UNNAMED --add-opens=java.base/sun.nio.fs=ALL-UNNAMED -Declipse.application=org.eclipse.jdt.ls.core.id1 -Dosgi.bundles.defaultStartLevel=4 -Declipse.product=org.eclipse.jdt.ls.core.product -Djava.import.generatesMetadataFilesAtProjectRoot=false -DDetectVMInstallationsJob.disabled=true -Dfile.encoding=utf8 -XX:+UseParallelGC -XX:GCTimeRatio=4 -XX:AdaptiveSizePolicyWeight=90 -Dsun.zip.disableMemoryMapping=true -Xmx1G -Xms100m -Xlog:disable -javaagent:c:\Users\Shwa\.vscode\extensions\redhat.java-1.36.0-win32-x64\lombok\lombok-1.18.35.jar -XX:+HeapDumpOnOutOfMemoryError -XX:HeapDumpPath=c:\Users\Shwa\AppData\Roaming\Code\User\workspaceStorage\a1898ac407261464c890ef21b1251daa\redhat.java -Daether.dependencyCollector.impl=bf c:\Users\Shwa\.vscode\extensions\redhat.java-1.36.0-win32-x64\server\plugins\org.eclipse.equinox.launcher_1.6.900.v20240613-2009.jar -configuration c:\Users\Shwa\AppData\Roaming\Code\User\globalStorage\redhat.java\1.36.0\config_win -data c:\Users\Shwa\AppData\Roaming\Code\User\workspaceStorage\a1898ac407261464c890ef21b1251daa\redhat.java\jdt_ws --pipe=\\.\pipe\lsp-1f04bd5d457edbe6362f12bf600e6bc4-sock

Host: Intel(R) Core(TM) i7-6500U CPU @ 2.50GHz, 4 cores, 7G,  Windows 10 , 64 bit Build 19041 (10.0.19041.4957)
Time: Tue Nov 12 11:04:59 2024 South Africa Standard Time elapsed time: 90.300051 seconds (0d 0h 1m 30s)

---------------  T H R E A D  ---------------

Current thread (0x00000275cdd32b20):  JavaThread "C2 CompilerThread0" daemon [_thread_in_native, id=22028, stack(0x0000009c80100000,0x0000009c80200000)]


Current CompileTask:
C2:  90300 4097   !   4       org.eclipse.osgi.internal.loader.classpath.ClasspathManager::findClassImpl (308 bytes)

Stack: [0x0000009c80100000,0x0000009c80200000]
Native frames: (J=compiled Java code, j=interpreted, Vv=VM code, C=native code)
V  [jvm.dll+0x682a19]
V  [jvm.dll+0x839538]
V  [jvm.dll+0x83afe3]
V  [jvm.dll+0x83b653]
V  [jvm.dll+0x24704f]
V  [jvm.dll+0xace34]
V  [jvm.dll+0xad4cc]
V  [jvm.dll+0x36592f]
V  [jvm.dll+0x1ba793]
V  [jvm.dll+0x2181a7]
V  [jvm.dll+0x21748f]
V  [jvm.dll+0x1a3070]
V  [jvm.dll+0x22788c]
V  [jvm.dll+0x2259eb]
V  [jvm.dll+0x7eec98]
V  [jvm.dll+0x7e8ffc]
V  [jvm.dll+0x6818f7]
C  [ucrtbase.dll+0x21bb2]
C  [KERNEL32.DLL+0x17374]
C  [ntdll.dll+0x4cc91]


---------------  P R O C E S S  ---------------

Threads class SMR info:
_java_thread_list=0x00000275d4480580, length=26, elements={
0x00000275b9ec2f10, 0x00000275b9f79560, 0x00000275b9f7a520, 0x00000275cdd2a140,
0x00000275cdd2afc0, 0x00000275cdd2be40, 0x00000275cdd2fe20, 0x00000275cdd32b20,
0x00000275d2f296f0, 0x00000275d2f2a3b0, 0x00000275b9f24120, 0x00000275d31b8650,
0x00000275d37d9530, 0x00000275d37bc290, 0x00000275d3073d50, 0x00000275d37ae8c0,
0x00000275d35eefc0, 0x00000275d3ae7490, 0x00000275d3ae4700, 0x00000275d3ae5120,
0x00000275d3ae6050, 0x00000275d3ae5630, 0x00000275d3ae3ce0, 0x00000275d3ae5b40,
0x00000275d3ae6560, 0x00000275d3ae6a70
}

Java Threads: ( => current thread )
  0x00000275b9ec2f10 JavaThread "main" [_thread_blocked, id=21544, stack(0x0000009cff800000,0x0000009cff900000)]
  0x00000275b9f79560 JavaThread "Reference Handler" daemon [_thread_blocked, id=19392, stack(0x0000009cffb00000,0x0000009cffc00000)]
  0x00000275b9f7a520 JavaThread "Finalizer" daemon [_thread_blocked, id=25964, stack(0x0000009cffc00000,0x0000009cffd00000)]
  0x00000275cdd2a140 JavaThread "Signal Dispatcher" daemon [_thread_blocked, id=23468, stack(0x0000009cffd00000,0x0000009cffe00000)]
  0x00000275cdd2afc0 JavaThread "Attach Listener" daemon [_thread_blocked, id=10784, stack(0x0000009cffe00000,0x0000009cfff00000)]
  0x00000275cdd2be40 JavaThread "Service Thread" daemon [_thread_blocked, id=7792, stack(0x0000009cfff00000,0x0000009d00000000)]
  0x00000275cdd2fe20 JavaThread "Monitor Deflation Thread" daemon [_thread_blocked, id=12800, stack(0x0000009c80000000,0x0000009c80100000)]
=>0x00000275cdd32b20 JavaThread "C2 CompilerThread0" daemon [_thread_in_native, id=22028, stack(0x0000009c80100000,0x0000009c80200000)]
  0x00000275d2f296f0 JavaThread "C1 CompilerThread0" daemon [_thread_blocked, id=26476, stack(0x0000009c80200000,0x0000009c80300000)]
  0x00000275d2f2a3b0 JavaThread "Sweeper thread" daemon [_thread_blocked, id=25968, stack(0x0000009c80300000,0x0000009c80400000)]
  0x00000275b9f24120 JavaThread "Common-Cleaner" daemon [_thread_blocked, id=24408, stack(0x0000009c80400000,0x0000009c80500000)]
  0x00000275d31b8650 JavaThread "Notification Thread" daemon [_thread_blocked, id=14888, stack(0x0000009c80500000,0x0000009c80600000)]
  0x00000275d37d9530 JavaThread "Active Thread: Equinox Container: 3628c07b-9f42-4e8d-837d-65a56cad47cd" [_thread_blocked, id=24172, stack(0x0000009c80a00000,0x0000009c80b00000)]
  0x00000275d37bc290 JavaThread "Refresh Thread: Equinox Container: 3628c07b-9f42-4e8d-837d-65a56cad47cd" daemon [_thread_blocked, id=25988, stack(0x0000009c80b00000,0x0000009c80c00000)]
  0x00000275d3073d50 JavaThread "Framework Event Dispatcher: Equinox Container: 3628c07b-9f42-4e8d-837d-65a56cad47cd" daemon [_thread_blocked, id=924, stack(0x0000009c80c00000,0x0000009c80d00000)]
  0x00000275d37ae8c0 JavaThread "Start Level: Equinox Container: 3628c07b-9f42-4e8d-837d-65a56cad47cd" daemon [_thread_in_native, id=21700, stack(0x0000009c80d00000,0x0000009c80e00000)]
  0x00000275d35eefc0 JavaThread "Bundle File Closer" daemon [_thread_blocked, id=24360, stack(0x0000009c80e00000,0x0000009c80f00000)]
  0x00000275d3ae7490 JavaThread "SCR Component Actor" daemon [_thread_blocked, id=1332, stack(0x0000009c80f00000,0x0000009c81000000)]
  0x00000275d3ae4700 JavaThread "Worker-JM" [_thread_blocked, id=2692, stack(0x0000009c81100000,0x0000009c81200000)]
  0x00000275d3ae5120 JavaThread "JNA Cleaner" daemon [_thread_blocked, id=18560, stack(0x0000009c81000000,0x0000009c81100000)]
  0x00000275d3ae6050 JavaThread "Worker-0: Updating Maven Dependencies" [_thread_blocked, id=24296, stack(0x0000009c81300000,0x0000009c81400000)]
  0x00000275d3ae5630 JavaThread "Worker-1: Refreshing workspace" [_thread_in_native, id=23072, stack(0x0000009c81400000,0x0000009c81500000)]
  0x00000275d3ae3ce0 JavaThread "SCR Component Registry" daemon [_thread_blocked, id=18748, stack(0x0000009c81500000,0x0000009c81600000)]
  0x00000275d3ae5b40 JavaThread "Worker-2: Repository registry initialization" [_thread_in_vm, id=26948, stack(0x0000009c81600000,0x0000009c81700000)]
  0x00000275d3ae6560 JavaThread "Worker-3" [_thread_blocked, id=25544, stack(0x0000009c81700000,0x0000009c81800000)]
  0x00000275d3ae6a70 JavaThread "Worker-4: Initialize external folders" [_thread_blocked, id=28328, stack(0x0000009c81800000,0x0000009c81900000)]

Other Threads:
  0x00000275b9f4c020 VMThread "VM Thread" [stack: 0x0000009cffa00000,0x0000009cffb00000] [id=18236]
  0x00000275d31b8b30 WatcherThread [stack: 0x0000009c80600000,0x0000009c80700000] [id=21112]
  0x00000275b9ed6c00 GCTaskThread "GC Thread#0" [stack: 0x0000009cff900000,0x0000009cffa00000] [id=25272]
  0x00000275d3703100 GCTaskThread "GC Thread#1" [stack: 0x0000009c80700000,0x0000009c80800000] [id=21288]
  0x00000275d3336ec0 GCTaskThread "GC Thread#2" [stack: 0x0000009c80800000,0x0000009c80900000] [id=24932]
  0x00000275d3337180 GCTaskThread "GC Thread#3" [stack: 0x0000009c80900000,0x0000009c80a00000] [id=23828]

Threads with active compile tasks:
C2 CompilerThread0    91153 4097   !   4       org.eclipse.osgi.internal.loader.classpath.ClasspathManager::findClassImpl (308 bytes)

VM state: not at safepoint (normal execution)

VM Mutex/Monitor currently owned by a thread: None

Heap address: 0x00000000c0000000, size: 1024 MB, Compressed Oops mode: 32-bit

CDS archive(s) not mapped
Compressed class space mapped at: 0x0000000100000000-0x0000000140000000, reserved size: 1073741824
Narrow klass base: 0x0000000000000000, Narrow klass shift: 3, Narrow klass range: 0x140000000

GC Precious Log:
 CPUs: 4 total, 4 available
 Memory: 8050M
 Large Page Support: Disabled
 NUMA Support: Disabled
 Compressed Oops: Enabled (32-bit)
 Alignments: Space 512K, Generation 512K, Heap 2M
 Heap Min Capacity: 100M
 Heap Initial Capacity: 100M
 Heap Max Capacity: 1G
 Pre-touch: Disabled
 Parallel Workers: 4

Heap:
 PSYoungGen      total 26624K, used 12443K [0x00000000eab00000, 0x00000000eca00000, 0x0000000100000000)
  eden space 24576K, 42% used [0x00000000eab00000,0x00000000eb527d80,0x00000000ec300000)
  from space 2048K, 99% used [0x00000000ec800000,0x00000000ec9ff068,0x00000000eca00000)
  to   space 3072K, 0% used [0x00000000ec500000,0x00000000ec500000,0x00000000ec800000)
 ParOldGen       total 68608K, used 14227K [0x00000000c0000000, 0x00000000c4300000, 0x00000000eab00000)
  object space 68608K, 20% used [0x00000000c0000000,0x00000000c0de4f40,0x00000000c4300000)
 Metaspace       used 30827K, committed 31552K, reserved 1114112K
  class space    used 3147K, committed 3456K, reserved 1048576K

Card table byte_map: [0x00000275b9860000,0x00000275b9a70000] _byte_map_base: 0x00000275b9260000

Marking Bits: (ParMarkBitMap*) 0x00007ffeb39f6940
 Begin Bits: [0x00000275cbb60000, 0x00000275ccb60000)
 End Bits:   [0x00000275ccb60000, 0x00000275cdb60000)

Polling page: 0x00000275b7cd0000

Metaspace:

Usage:
  Non-class:     27.03 MB used.
      Class:      3.07 MB used.
       Both:     30.10 MB used.

Virtual space:
  Non-class space:       64.00 MB reserved,      27.44 MB ( 43%) committed,  1 nodes.
      Class space:        1.00 GB reserved,       3.38 MB ( <1%) committed,  1 nodes.
             Both:        1.06 GB reserved,      30.81 MB (  3%) committed. 

Chunk freelists:
   Non-Class:  3.64 MB
       Class:  12.50 MB
        Both:  16.14 MB

MaxMetaspaceSize: unlimited
CompressedClassSpaceSize: 1.00 GB
Initial GC threshold: 21.00 MB
Current GC threshold: 35.00 MB
CDS: off
MetaspaceReclaimPolicy: balanced
 - commit_granule_bytes: 65536.
 - commit_granule_words: 8192.
 - virtual_space_node_default_size: 8388608.
 - enlarge_chunks_in_place: 1.
 - new_chunks_are_fully_committed: 0.
 - uncommit_free_chunks: 1.
 - use_allocation_guard: 0.
 - handle_deallocations: 1.


Internal statistics:

num_allocs_failed_limit: 3.
num_arena_births: 462.
num_arena_deaths: 0.
num_vsnodes_births: 2.
num_vsnodes_deaths: 0.
num_space_committed: 493.
num_space_uncommitted: 0.
num_chunks_returned_to_freelist: 3.
num_chunks_taken_from_freelist: 1420.
num_chunk_merges: 3.
num_chunk_splits: 886.
num_chunks_enlarged: 544.
num_inconsistent_stats: 0.

CodeHeap 'non-profiled nmethods': size=120000Kb used=1806Kb max_used=1806Kb free=118193Kb
 bounds [0x00000275c4630000, 0x00000275c48a0000, 0x00000275cbb60000]
CodeHeap 'profiled nmethods': size=120000Kb used=8685Kb max_used=8685Kb free=111314Kb
 bounds [0x00000275bcb60000, 0x00000275bd3e0000, 0x00000275c4090000]
CodeHeap 'non-nmethods': size=5760Kb used=1217Kb max_used=1268Kb free=4542Kb
 bounds [0x00000275c4090000, 0x00000275c4300000, 0x00000275c4630000]
 total_blobs=4708 nmethods=4177 adapters=444
 compilation: enabled
              stopped_count=0, restarted_count=0
 full_count=0

Compilation events (20 events):
Event: 89.533 Thread 0x00000275d2f296f0 nmethod 4095 0x00000275bd3a2990 code [0x00000275bd3a2cc0, 0x00000275bd3a3fb8]
Event: 89.533 Thread 0x00000275d2f296f0 4096       3       java.util.ArrayDeque::circularClear (43 bytes)
Event: 89.533 Thread 0x00000275d2f296f0 nmethod 4096 0x00000275bd3a4690 code [0x00000275bd3a4860, 0x00000275bd3a4c58]
Event: 89.590 Thread 0x00000275cdd32b20 4097   !   4       org.eclipse.osgi.internal.loader.classpath.ClasspathManager::findClassImpl (308 bytes)
Event: 89.680 Thread 0x00000275d2f296f0 4098       3       org.eclipse.core.internal.registry.ConfigurationElementHandle::<init> (7 bytes)
Event: 89.680 Thread 0x00000275d2f296f0 nmethod 4098 0x00000275bd3a4e10 code [0x00000275bd3a4fc0, 0x00000275bd3a5198]
Event: 89.681 Thread 0x00000275d2f296f0 4100       3       org.eclipse.core.runtime.Path::makeAbsolute (66 bytes)
Event: 89.681 Thread 0x00000275d2f296f0 nmethod 4100 0x00000275bd3a5290 code [0x00000275bd3a5480, 0x00000275bd3a5918]
Event: 89.681 Thread 0x00000275d2f296f0 4101       3       org.eclipse.core.runtime.Path::removeTrailingSeparator (32 bytes)
Event: 89.682 Thread 0x00000275d2f296f0 nmethod 4101 0x00000275bd3a5b10 code [0x00000275bd3a5cc0, 0x00000275bd3a5f88]
Event: 89.682 Thread 0x00000275d2f296f0 4102       3       org.eclipse.core.internal.localstore.UnifiedTree::isLevelMarker (11 bytes)
Event: 89.682 Thread 0x00000275d2f296f0 nmethod 4102 0x00000275bd3a6090 code [0x00000275bd3a6220, 0x00000275bd3a6398]
Event: 89.683 Thread 0x00000275d2f296f0 4104       1       org.eclipse.core.internal.resources.ResourceInfo::getNodeId (5 bytes)
Event: 89.683 Thread 0x00000275d2f296f0 nmethod 4104 0x00000275c47f2b10 code [0x00000275c47f2ca0, 0x00000275c47f2d78]
Event: 89.685 Thread 0x00000275d2f296f0 4105       3       java.lang.invoke.MethodHandles$Lookup::getDirectMethodNoSecurityManager (18 bytes)
Event: 89.685 Thread 0x00000275d2f296f0 nmethod 4105 0x00000275bd3a6410 code [0x00000275bd3a65a0, 0x00000275bd3a66e8]
Event: 89.685 Thread 0x00000275d2f296f0 4106       3       java.util.Arrays::copyOfRange (11 bytes)
Event: 89.685 Thread 0x00000275d2f296f0 nmethod 4106 0x00000275bd3a6790 code [0x00000275bd3a6940, 0x00000275bd3a6a88]
Event: 89.685 Thread 0x00000275d2f296f0 4107       3       org.eclipse.core.internal.resources.ResourceInfo::isSet (11 bytes)
Event: 89.685 Thread 0x00000275d2f296f0 nmethod 4107 0x00000275bd3a6b90 code [0x00000275bd3a6d20, 0x00000275bd3a6e78]

GC Heap History (16 events):
Event: 4.191 GC heap before
{Heap before GC invocations=1 (full 0):
 PSYoungGen      total 29696K, used 25600K [0x00000000eab00000, 0x00000000ecc00000, 0x0000000100000000)
  eden space 25600K, 100% used [0x00000000eab00000,0x00000000ec400000,0x00000000ec400000)
  from space 4096K, 0% used [0x00000000ec800000,0x00000000ec800000,0x00000000ecc00000)
  to   space 4096K, 0% used [0x00000000ec400000,0x00000000ec400000,0x00000000ec800000)
 ParOldGen       total 68608K, used 0K [0x00000000c0000000, 0x00000000c4300000, 0x00000000eab00000)
  object space 68608K, 0% used [0x00000000c0000000,0x00000000c0000000,0x00000000c4300000)
 Metaspace       used 10969K, committed 11200K, reserved 1114112K
  class space    used 1089K, committed 1216K, reserved 1048576K
}
Event: 4.271 GC heap after
{Heap after GC invocations=1 (full 0):
 PSYoungGen      total 29696K, used 3172K [0x00000000eab00000, 0x00000000ecc00000, 0x0000000100000000)
  eden space 25600K, 0% used [0x00000000eab00000,0x00000000eab00000,0x00000000ec400000)
  from space 4096K, 77% used [0x00000000ec400000,0x00000000ec719340,0x00000000ec800000)
  to   space 4096K, 0% used [0x00000000ec800000,0x00000000ec800000,0x00000000ecc00000)
 ParOldGen       total 68608K, used 0K [0x00000000c0000000, 0x00000000c4300000, 0x00000000eab00000)
  object space 68608K, 0% used [0x00000000c0000000,0x00000000c0000000,0x00000000c4300000)
 Metaspace       used 10969K, committed 11200K, reserved 1114112K
  class space    used 1089K, committed 1216K, reserved 1048576K
}
Event: 26.179 GC heap before
{Heap before GC invocations=2 (full 0):
 PSYoungGen      total 29696K, used 28772K [0x00000000eab00000, 0x00000000ecc00000, 0x0000000100000000)
  eden space 25600K, 100% used [0x00000000eab00000,0x00000000ec400000,0x00000000ec400000)
  from space 4096K, 77% used [0x00000000ec400000,0x00000000ec719340,0x00000000ec800000)
  to   space 4096K, 0% used [0x00000000ec800000,0x00000000ec800000,0x00000000ecc00000)
 ParOldGen       total 68608K, used 0K [0x00000000c0000000, 0x00000000c4300000, 0x00000000eab00000)
  object space 68608K, 0% used [0x00000000c0000000,0x00000000c0000000,0x00000000c4300000)
 Metaspace       used 14393K, committed 14592K, reserved 1114112K
  class space    used 1434K, committed 1536K, reserved 1048576K
}
Event: 26.191 GC heap after
{Heap after GC invocations=2 (full 0):
 PSYoungGen      total 29696K, used 4067K [0x00000000eab00000, 0x00000000ecc00000, 0x0000000100000000)
  eden space 25600K, 0% used [0x00000000eab00000,0x00000000eab00000,0x00000000ec400000)
  from space 4096K, 99% used [0x00000000ec800000,0x00000000ecbf8ff0,0x00000000ecc00000)
  to   space 4096K, 0% used [0x00000000ec400000,0x00000000ec400000,0x00000000ec800000)
 ParOldGen       total 68608K, used 1591K [0x00000000c0000000, 0x00000000c4300000, 0x00000000eab00000)
  object space 68608K, 2% used [0x00000000c0000000,0x00000000c018ddd0,0x00000000c4300000)
 Metaspace       used 14393K, committed 14592K, reserved 1114112K
  class space    used 1434K, committed 1536K, reserved 1048576K
}
Event: 50.653 GC heap before
{Heap before GC invocations=3 (full 0):
 PSYoungGen      total 29696K, used 29667K [0x00000000eab00000, 0x00000000ecc00000, 0x0000000100000000)
  eden space 25600K, 100% used [0x00000000eab00000,0x00000000ec400000,0x00000000ec400000)
  from space 4096K, 99% used [0x00000000ec800000,0x00000000ecbf8ff0,0x00000000ecc00000)
  to   space 4096K, 0% used [0x00000000ec400000,0x00000000ec400000,0x00000000ec800000)
 ParOldGen       total 68608K, used 1591K [0x00000000c0000000, 0x00000000c4300000, 0x00000000eab00000)
  object space 68608K, 2% used [0x00000000c0000000,0x00000000c018ddd0,0x00000000c4300000)
 Metaspace       used 16398K, committed 16704K, reserved 1114112K
  class space    used 1649K, committed 1792K, reserved 1048576K
}
Event: 50.664 GC heap after
{Heap after GC invocations=3 (full 0):
 PSYoungGen      total 29696K, used 4094K [0x00000000eab00000, 0x00000000ecc00000, 0x0000000100000000)
  eden space 25600K, 0% used [0x00000000eab00000,0x00000000eab00000,0x00000000ec400000)
  from space 4096K, 99% used [0x00000000ec400000,0x00000000ec7ffae8,0x00000000ec800000)
  to   space 4096K, 0% used [0x00000000ec800000,0x00000000ec800000,0x00000000ecc00000)
 ParOldGen       total 68608K, used 5900K [0x00000000c0000000, 0x00000000c4300000, 0x00000000eab00000)
  object space 68608K, 8% used [0x00000000c0000000,0x00000000c05c3368,0x00000000c4300000)
 Metaspace       used 16398K, committed 16704K, reserved 1114112K
  class space    used 1649K, committed 1792K, reserved 1048576K
}
Event: 65.509 GC heap before
{Heap before GC invocations=4 (full 0):
 PSYoungGen      total 29696K, used 29563K [0x00000000eab00000, 0x00000000ecc00000, 0x0000000100000000)
  eden space 25600K, 99% used [0x00000000eab00000,0x00000000ec3df148,0x00000000ec400000)
  from space 4096K, 99% used [0x00000000ec400000,0x00000000ec7ffae8,0x00000000ec800000)
  to   space 4096K, 0% used [0x00000000ec800000,0x00000000ec800000,0x00000000ecc00000)
 ParOldGen       total 68608K, used 5900K [0x00000000c0000000, 0x00000000c4300000, 0x00000000eab00000)
  object space 68608K, 8% used [0x00000000c0000000,0x00000000c05c3368,0x00000000c4300000)
 Metaspace       used 19382K, committed 19776K, reserved 1114112K
  class space    used 1944K, committed 2112K, reserved 1048576K
}
Event: 65.520 GC heap after
{Heap after GC invocations=4 (full 0):
 PSYoungGen      total 29696K, used 4084K [0x00000000eab00000, 0x00000000ecc00000, 0x0000000100000000)
  eden space 25600K, 0% used [0x00000000eab00000,0x00000000eab00000,0x00000000ec400000)
  from space 4096K, 99% used [0x00000000ec800000,0x00000000ecbfd0b0,0x00000000ecc00000)
  to   space 4096K, 0% used [0x00000000ec400000,0x00000000ec400000,0x00000000ec800000)
 ParOldGen       total 68608K, used 7091K [0x00000000c0000000, 0x00000000c4300000, 0x00000000eab00000)
  object space 68608K, 10% used [0x00000000c0000000,0x00000000c06ecf98,0x00000000c4300000)
 Metaspace       used 19382K, committed 19776K, reserved 1114112K
  class space    used 1944K, committed 2112K, reserved 1048576K
}
Event: 66.445 GC heap before
{Heap before GC invocations=5 (full 0):
 PSYoungGen      total 29696K, used 17173K [0x00000000eab00000, 0x00000000ecc00000, 0x0000000100000000)
  eden space 25600K, 51% used [0x00000000eab00000,0x00000000eb7c8588,0x00000000ec400000)
  from space 4096K, 99% used [0x00000000ec800000,0x00000000ecbfd0b0,0x00000000ecc00000)
  to   space 4096K, 0% used [0x00000000ec400000,0x00000000ec400000,0x00000000ec800000)
 ParOldGen       total 68608K, used 7091K [0x00000000c0000000, 0x00000000c4300000, 0x00000000eab00000)
  object space 68608K, 10% used [0x00000000c0000000,0x00000000c06ecf98,0x00000000c4300000)
 Metaspace       used 21088K, committed 21504K, reserved 1114112K
  class space    used 2104K, committed 2304K, reserved 1048576K
}
Event: 66.454 GC heap after
{Heap after GC invocations=5 (full 0):
 PSYoungGen      total 29696K, used 4071K [0x00000000eab00000, 0x00000000ece00000, 0x0000000100000000)
  eden space 25600K, 0% used [0x00000000eab00000,0x00000000eab00000,0x00000000ec400000)
  from space 4096K, 99% used [0x00000000ec400000,0x00000000ec7f9e38,0x00000000ec800000)
  to   space 5120K, 0% used [0x00000000ec900000,0x00000000ec900000,0x00000000ece00000)
 ParOldGen       total 68608K, used 7569K [0x00000000c0000000, 0x00000000c4300000, 0x00000000eab00000)
  object space 68608K, 11% used [0x00000000c0000000,0x00000000c0764530,0x00000000c4300000)
 Metaspace       used 21088K, committed 21504K, reserved 1114112K
  class space    used 2104K, committed 2304K, reserved 1048576K
}
Event: 66.454 GC heap before
{Heap before GC invocations=6 (full 1):
 PSYoungGen      total 29696K, used 4071K [0x00000000eab00000, 0x00000000ece00000, 0x0000000100000000)
  eden space 25600K, 0% used [0x00000000eab00000,0x00000000eab00000,0x00000000ec400000)
  from space 4096K, 99% used [0x00000000ec400000,0x00000000ec7f9e38,0x00000000ec800000)
  to   space 5120K, 0% used [0x00000000ec900000,0x00000000ec900000,0x00000000ece00000)
 ParOldGen       total 68608K, used 7569K [0x00000000c0000000, 0x00000000c4300000, 0x00000000eab00000)
  object space 68608K, 11% used [0x00000000c0000000,0x00000000c0764530,0x00000000c4300000)
 Metaspace       used 21088K, committed 21504K, reserved 1114112K
  class space    used 2104K, committed 2304K, reserved 1048576K
}
Event: 66.505 GC heap after
{Heap after GC invocations=6 (full 1):
 PSYoungGen      total 29696K, used 0K [0x00000000eab00000, 0x00000000ece00000, 0x0000000100000000)
  eden space 25600K, 0% used [0x00000000eab00000,0x00000000eab00000,0x00000000ec400000)
  from space 4096K, 0% used [0x00000000ec400000,0x00000000ec400000,0x00000000ec800000)
  to   space 5120K, 0% used [0x00000000ec900000,0x00000000ec900000,0x00000000ece00000)
 ParOldGen       total 68608K, used 11356K [0x00000000c0000000, 0x00000000c4300000, 0x00000000eab00000)
  object space 68608K, 16% used [0x00000000c0000000,0x00000000c0b172a8,0x00000000c4300000)
 Metaspace       used 21088K, committed 21504K, reserved 1114112K
  class space    used 2104K, committed 2304K, reserved 1048576K
}
Event: 81.566 GC heap before
{Heap before GC invocations=7 (full 1):
 PSYoungGen      total 29696K, used 25600K [0x00000000eab00000, 0x00000000ece00000, 0x0000000100000000)
  eden space 25600K, 100% used [0x00000000eab00000,0x00000000ec400000,0x00000000ec400000)
  from space 4096K, 0% used [0x00000000ec400000,0x00000000ec400000,0x00000000ec800000)
  to   space 5120K, 0% used [0x00000000ec900000,0x00000000ec900000,0x00000000ece00000)
 ParOldGen       total 68608K, used 11356K [0x00000000c0000000, 0x00000000c4300000, 0x00000000eab00000)
  object space 68608K, 16% used [0x00000000c0000000,0x00000000c0b172a8,0x00000000c4300000)
 Metaspace       used 24888K, committed 25472K, reserved 1114112K
  class space    used 2507K, committed 2752K, reserved 1048576K
}
Event: 81.613 GC heap after
{Heap after GC invocations=7 (full 1):
 PSYoungGen      total 27136K, used 1769K [0x00000000eab00000, 0x00000000ecb00000, 0x0000000100000000)
  eden space 25088K, 0% used [0x00000000eab00000,0x00000000eab00000,0x00000000ec380000)
  from space 2048K, 86% used [0x00000000ec900000,0x00000000ecaba658,0x00000000ecb00000)
  to   space 3072K, 0% used [0x00000000ec500000,0x00000000ec500000,0x00000000ec800000)
 ParOldGen       total 68608K, used 11364K [0x00000000c0000000, 0x00000000c4300000, 0x00000000eab00000)
  object space 68608K, 16% used [0x00000000c0000000,0x00000000c0b192a8,0x00000000c4300000)
 Metaspace       used 24888K, committed 25472K, reserved 1114112K
  class space    used 2507K, committed 2752K, reserved 1048576K
}
Event: 86.447 GC heap before
{Heap before GC invocations=8 (full 1):
 PSYoungGen      total 27136K, used 26847K [0x00000000eab00000, 0x00000000ecb00000, 0x0000000100000000)
  eden space 25088K, 99% used [0x00000000eab00000,0x00000000ec37d610,0x00000000ec380000)
  from space 2048K, 86% used [0x00000000ec900000,0x00000000ecaba658,0x00000000ecb00000)
  to   space 3072K, 0% used [0x00000000ec500000,0x00000000ec500000,0x00000000ec800000)
 ParOldGen       total 68608K, used 11364K [0x00000000c0000000, 0x00000000c4300000, 0x00000000eab00000)
  object space 68608K, 16% used [0x00000000c0000000,0x00000000c0b192a8,0x00000000c4300000)
 Metaspace       used 27222K, committed 27904K, reserved 1114112K
  class space    used 2775K, committed 3072K, reserved 1048576K
}
Event: 86.458 GC heap after
{Heap after GC invocations=8 (full 1):
 PSYoungGen      total 27648K, used 3058K [0x00000000eab00000, 0x00000000eca00000, 0x0000000100000000)
  eden space 24576K, 0% used [0x00000000eab00000,0x00000000eab00000,0x00000000ec300000)
  from space 3072K, 99% used [0x00000000ec500000,0x00000000ec7fc8d8,0x00000000ec800000)
  to   space 2048K, 0% used [0x00000000ec800000,0x00000000ec800000,0x00000000eca00000)
 ParOldGen       total 68608K, used 11372K [0x00000000c0000000, 0x00000000c4300000, 0x00000000eab00000)
  object space 68608K, 16% used [0x00000000c0000000,0x00000000c0b1b2a8,0x00000000c4300000)
 Metaspace       used 27222K, committed 27904K, reserved 1114112K
  class space    used 2775K, committed 3072K, reserved 1048576K
}

Dll operation events (10 events):
Event: 0.027 Loaded shared library c:\Users\Shwa\.vscode\extensions\redhat.java-1.36.0-win32-x64\jre\17.0.13-win32-x86_64\bin\java.dll
Event: 1.492 Loaded shared library c:\Users\Shwa\.vscode\extensions\redhat.java-1.36.0-win32-x64\jre\17.0.13-win32-x86_64\bin\zip.dll
Event: 1.500 Loaded shared library C:\Users\Shwa\.vscode\extensions\redhat.java-1.36.0-win32-x64\jre\17.0.13-win32-x86_64\bin\instrument.dll
Event: 1.524 Loaded shared library C:\Users\Shwa\.vscode\extensions\redhat.java-1.36.0-win32-x64\jre\17.0.13-win32-x86_64\bin\net.dll
Event: 1.527 Loaded shared library C:\Users\Shwa\.vscode\extensions\redhat.java-1.36.0-win32-x64\jre\17.0.13-win32-x86_64\bin\nio.dll
Event: 1.664 Loaded shared library C:\Users\Shwa\.vscode\extensions\redhat.java-1.36.0-win32-x64\jre\17.0.13-win32-x86_64\bin\zip.dll
Event: 1.710 Loaded shared library C:\Users\Shwa\.vscode\extensions\redhat.java-1.36.0-win32-x64\jre\17.0.13-win32-x86_64\bin\jimage.dll
Event: 1.831 Loaded shared library c:\Users\Shwa\.vscode\extensions\redhat.java-1.36.0-win32-x64\jre\17.0.13-win32-x86_64\bin\verify.dll
Event: 26.011 Loaded shared library C:\Users\Shwa\AppData\Roaming\Code\User\globalStorage\redhat.java\1.36.0\config_win\org.eclipse.equinox.launcher\org.eclipse.equinox.launcher.win32.win32.x86_64_1.2.1100.v20240722-2106\eclipse_11904.dll
Event: 80.815 Loaded shared library C:\Users\Shwa\AppData\Local\Temp\jna-2576383\jna13070818910683482108.dll

Deoptimization events (20 events):
Event: 85.582 Thread 0x00000275d37ae8c0 DEOPT PACKING pc=0x00000275bcc24180 sp=0x0000009c80df1380
Event: 85.582 Thread 0x00000275d37ae8c0 DEOPT UNPACKING pc=0x00000275c40e6e43 sp=0x0000009c80df0800 mode 0
Event: 85.631 Thread 0x00000275d37ae8c0 Uncommon trap: trap_request=0xffffffc6 fr.pc=0x00000275c4723118 relative=0x0000000000000df8
Event: 85.631 Thread 0x00000275d37ae8c0 Uncommon trap: reason=bimorphic_or_optimized_type_check action=maybe_recompile pc=0x00000275c4723118 method=java.util.Properties$LineReader.readLine()I @ 479 c2
Event: 85.631 Thread 0x00000275d37ae8c0 DEOPT PACKING pc=0x00000275c4723118 sp=0x0000009c80df23f0
Event: 85.631 Thread 0x00000275d37ae8c0 DEOPT UNPACKING pc=0x00000275c40e66a3 sp=0x0000009c80df2390 mode 2
Event: 85.851 Thread 0x00000275d37ae8c0 Uncommon trap: trap_request=0xffffff45 fr.pc=0x00000275c464bb24 relative=0x0000000000000384
Event: 85.851 Thread 0x00000275d37ae8c0 Uncommon trap: reason=unstable_if action=reinterpret pc=0x00000275c464bb24 method=java.lang.StringLatin1.canEncode(I)Z @ 4 c2
Event: 85.851 Thread 0x00000275d37ae8c0 DEOPT PACKING pc=0x00000275c464bb24 sp=0x0000009c80df2c60
Event: 85.851 Thread 0x00000275d37ae8c0 DEOPT UNPACKING pc=0x00000275c40e66a3 sp=0x0000009c80df2b88 mode 2
Event: 85.851 Thread 0x00000275d37ae8c0 Uncommon trap: trap_request=0xffffff45 fr.pc=0x00000275c4670380 relative=0x0000000000000360
Event: 85.851 Thread 0x00000275d37ae8c0 Uncommon trap: reason=unstable_if action=reinterpret pc=0x00000275c4670380 method=java.lang.AbstractStringBuilder.isLatin1()Z @ 10 c2
Event: 85.851 Thread 0x00000275d37ae8c0 DEOPT PACKING pc=0x00000275c4670380 sp=0x0000009c80df2c70
Event: 85.851 Thread 0x00000275d37ae8c0 DEOPT UNPACKING pc=0x00000275c40e66a3 sp=0x0000009c80df2bf0 mode 2
Event: 88.319 Thread 0x00000275d37ae8c0 DEOPT PACKING pc=0x00000275bcfb445c sp=0x0000009c80df5cf0
Event: 88.321 Thread 0x00000275d3ae6050 Uncommon trap: trap_request=0xffffff45 fr.pc=0x00000275c46f2a6c relative=0x00000000000000ec
Event: 88.321 Thread 0x00000275d3ae6050 Uncommon trap: reason=unstable_if action=reinterpret pc=0x00000275c46f2a6c method=jdk.internal.org.objectweb.asm.ByteVector.putShort(I)Ljdk/internal/org/objectweb/asm/ByteVector; @ 13 c2
Event: 88.321 Thread 0x00000275d3ae6050 DEOPT PACKING pc=0x00000275c46f2a6c sp=0x0000009c813fd2f0
Event: 88.331 Thread 0x00000275d3ae6050 DEOPT UNPACKING pc=0x00000275c40e66a3 sp=0x0000009c813fd288 mode 2
Event: 88.350 Thread 0x00000275d37ae8c0 DEOPT UNPACKING pc=0x00000275c40e6e43 sp=0x0000009c80df51d8 mode 0

Classes loaded (20 events):
Event: 88.287 Loading class java/lang/invoke/MethodHandleImpl$CountingWrapper done
Event: 88.312 Loading class java/io/StringReader done
Event: 88.980 Loading class java/util/zip/GZIPInputStream
Event: 88.980 Loading class java/util/zip/GZIPInputStream done
Event: 89.148 Loading class java/net/SocketTimeoutException
Event: 89.152 Loading class java/io/InterruptedIOException
Event: 89.152 Loading class java/io/InterruptedIOException done
Event: 89.152 Loading class java/net/SocketTimeoutException done
Event: 89.153 Loading class java/net/SocketException
Event: 89.155 Loading class java/net/SocketException done
Event: 89.155 Loading class java/net/UnknownHostException
Event: 89.156 Loading class java/net/UnknownHostException done
Event: 89.165 Loading class java/net/ProtocolException
Event: 89.166 Loading class java/net/ProtocolException done
Event: 89.905 Loading class java/util/concurrent/atomic/AtomicReferenceFieldUpdater
Event: 89.926 Loading class java/util/concurrent/atomic/AtomicReferenceFieldUpdater done
Event: 89.926 Loading class java/util/concurrent/atomic/AtomicReferenceFieldUpdater$AtomicReferenceFieldUpdaterImpl
Event: 89.927 Loading class java/util/concurrent/atomic/AtomicReferenceFieldUpdater$AtomicReferenceFieldUpdaterImpl done
Event: 89.927 Loading class java/util/concurrent/atomic/AtomicReferenceFieldUpdater$AtomicReferenceFieldUpdaterImpl$1
Event: 89.927 Loading class java/util/concurrent/atomic/AtomicReferenceFieldUpdater$AtomicReferenceFieldUpdaterImpl$1 done

Classes unloaded (0 events):
No events

Classes redefined (0 events):
No events

Internal exceptions (20 events):
Event: 87.523 Thread 0x00000275d37ae8c0 Exception <a 'java/lang/NoSuchMethodError'{0x00000000eb285038}: 'double java.lang.invoke.DirectMethodHandle$Holder.invokeStaticInit(java.lang.Object, java.lang.Object)'> (0x00000000eb285038) 
thrown [s\src\hotspot\share\interpreter\linkResolver.cpp, line 759]
Event: 87.925 Thread 0x00000275d3ae6050 Exception <a 'java/lang/NoSuchMethodError'{0x00000000eb0616e0}: 'void java.lang.invoke.DirectMethodHandle$Holder.invokeStatic(java.lang.Object, java.lang.Object, java.lang.Object, java.lang.Object)'> (0x00000000eb0616e0) 
thrown [s\src\hotspot\share\interpreter\linkResolver.cpp, line 759]
Event: 88.068 Thread 0x00000275d3ae5630 Exception <a 'java/lang/NoSuchMethodError'{0x00000000eb403a28}: 'java.lang.Object java.lang.invoke.DirectMethodHandle$Holder.newInvokeSpecial(java.lang.Object, java.lang.Object, java.lang.Object, int)'> (0x00000000eb403a28) 
thrown [s\src\hotspot\share\interpreter\linkResolver.cpp, line 759]
Event: 88.069 Thread 0x00000275d3ae5630 Exception <a 'java/lang/NoSuchMethodError'{0x00000000eb407d90}: 'java.lang.Object java.lang.invoke.DirectMethodHandle$Holder.invokeSpecial(java.lang.Object, java.lang.Object, java.lang.Object, java.lang.Object, int)'> (0x00000000eb407d90) 
thrown [s\src\hotspot\share\interpreter\linkResolver.cpp, line 759]
Event: 88.069 Thread 0x00000275d3ae5630 Exception <a 'java/lang/NoSuchMethodError'{0x00000000eb40b498}: 'java.lang.Object java.lang.invoke.Invokers$Holder.linkToTargetMethod(java.lang.Object, java.lang.Object, int, java.lang.Object)'> (0x00000000eb40b498) 
thrown [s\src\hotspot\share\interpreter\linkResolver.cpp, line 759]
Event: 88.071 Thread 0x00000275d3ae5b40 Exception <a 'java/lang/NoSuchMethodError'{0x00000000eb420028}: 'java.lang.Object java.lang.invoke.DirectMethodHandle$Holder.invokeStaticInit(java.lang.Object, java.lang.Object, java.lang.Object, java.lang.Object, java.lang.Object, java.lang.Object, java.lang.Object)'> (0x00000000eb420028) 
thrown [s\src\hotspot\share\interpreter\linkResolver.cpp, line 759]
Event: 88.075 Thread 0x00000275d3ae5b40 Exception <a 'java/lang/NoSuchMethodError'{0x00000000eb428ae0}: 'java.lang.Object java.lang.invoke.DirectMethodHandle$Holder.invokeSpecial(java.lang.Object, java.lang.Object, java.lang.Object, java.lang.Object, java.lang.Object, java.lang.Object, java.lang.Object, java.lang.Object, java.lang.Object)'> (0x00000000eb428ae0) 
thrown [s\src\hotspot\share\interpreter\linkResolver.cpp, line 759]
Event: 88.079 Thread 0x00000275d3ae5b40 Exception <a 'java/lang/NoSuchMethodError'{0x00000000eb435950}: 'java.lang.Object java.lang.invoke.Invokers$Holder.invoke_MT(java.lang.Object, java.lang.Object, java.lang.Object, java.lang.Object, java.lang.Object, java.lang.Object, java.lang.Object, java.lang.Object, java.lang.Object)'> (0x00000000eb435950) 
thrown [s\src\hotspot\share\interpreter\linkResolver.cpp, line 759]
Event: 88.145 Thread 0x00000275d3ae5b40 Exception <a 'java/lang/NoSuchMethodError'{0x00000000eb5c2df8}: 'int java.lang.invoke.DirectMethodHandle$Holder.invokeVirtual(java.lang.Object, java.lang.Object, java.lang.Object)'> (0x00000000eb5c2df8) 
thrown [s\src\hotspot\share\interpreter\linkResolver.cpp, line 759]
Event: 88.148 Thread 0x00000275d3ae5b40 Exception <a 'java/lang/NoSuchMethodError'{0x00000000eb5d3bd8}: 'int java.lang.invoke.DirectMethodHandle$Holder.invokeStaticInit(java.lang.Object, int, int)'> (0x00000000eb5d3bd8) 
thrown [s\src\hotspot\share\interpreter\linkResolver.cpp, line 759]
Event: 88.149 Thread 0x00000275d3ae5b40 Exception <a 'java/lang/NoSuchMethodError'{0x00000000eb5db3c8}: 'int java.lang.invoke.DirectMethodHandle$Holder.invokeStaticInit(java.lang.Object, long, long)'> (0x00000000eb5db3c8) 
thrown [s\src\hotspot\share\interpreter\linkResolver.cpp, line 759]
Event: 88.150 Thread 0x00000275d3ae5b40 Exception <a 'java/lang/NoSuchMethodError'{0x00000000eb5ee020}: 'int java.lang.invoke.DirectMethodHandle$Holder.invokeStaticInit(java.lang.Object, float, float)'> (0x00000000eb5ee020) 
thrown [s\src\hotspot\share\interpreter\linkResolver.cpp, line 759]
Event: 88.151 Thread 0x00000275d3ae5b40 Exception <a 'java/lang/NoSuchMethodError'{0x00000000eb5f5188}: 'int java.lang.invoke.DirectMethodHandle$Holder.invokeStaticInit(java.lang.Object, double, double)'> (0x00000000eb5f5188) 
thrown [s\src\hotspot\share\interpreter\linkResolver.cpp, line 759]
Event: 88.154 Thread 0x00000275d3ae5b40 Exception <a 'java/lang/NoSuchMethodError'{0x00000000eb5f9790}: 'int java.lang.invoke.DirectMethodHandle$Holder.invokeStatic(java.lang.Object, long)'> (0x00000000eb5f9790) 
thrown [s\src\hotspot\share\interpreter\linkResolver.cpp, line 759]
Event: 88.183 Thread 0x00000275d3ae5b40 Exception <a 'java/lang/NoSuchMethodError'{0x00000000eb6ac3e0}: 'int java.lang.invoke.Invokers$Holder.linkToTargetMethod(java.lang.Object, java.lang.Object)'> (0x00000000eb6ac3e0) 
thrown [s\src\hotspot\share\interpreter\linkResolver.cpp, line 759]
Event: 88.205 Thread 0x00000275d3ae6050 Exception <a 'java/lang/NoSuchMethodError'{0x00000000eb72e290}: 'int java.lang.invoke.DirectMethodHandle$Holder.invokeSpecial(java.lang.Object, java.lang.Object, java.lang.Object, java.lang.Object)'> (0x00000000eb72e290) 
thrown [s\src\hotspot\share\interpreter\linkResolver.cpp, line 759]
Event: 88.274 Thread 0x00000275d3ae6050 Exception <a 'java/lang/NoSuchMethodError'{0x00000000eb73c728}: 'java.lang.Object java.lang.invoke.DirectMethodHandle$Holder.invokeStatic(java.lang.Object, int, java.lang.Object, java.lang.Object)'> (0x00000000eb73c728) 
thrown [s\src\hotspot\share\interpreter\linkResolver.cpp, line 759]
Event: 88.275 Thread 0x00000275d3ae6050 Exception <a 'java/lang/NoSuchMethodError'{0x00000000eb7401e0}: 'java.lang.Object java.lang.invoke.DelegatingMethodHandle$Holder.delegate(java.lang.Object, int, java.lang.Object, java.lang.Object)'> (0x00000000eb7401e0) 
thrown [s\src\hotspot\share\interpreter\linkResolver.cpp, line 759]
Event: 88.332 Thread 0x00000275d3ae6050 Exception <a 'java/lang/NoSuchMethodError'{0x00000000eb7bf978}: 'int java.lang.invoke.Invokers$Holder.linkToTargetMethod(java.lang.Object, java.lang.Object, java.lang.Object)'> (0x00000000eb7bf978) 
thrown [s\src\hotspot\share\interpreter\linkResolver.cpp, line 759]
Event: 89.139 Thread 0x00000275d3ae5b40 Exception <a 'java/lang/NoSuchMethodError'{0x00000000eb979a88}: 'java.lang.Object java.lang.invoke.DirectMethodHandle$Holder.invokeSpecialIFC(java.lang.Object, java.lang.Object, java.lang.Object, java.lang.Object)'> (0x00000000eb979a88) 
thrown [s\src\hotspot\share\interpreter\linkResolver.cpp, line 759]

VM Operations (20 events):
Event: 82.914 Executing VM operation: HandshakeAllThreads
Event: 82.914 Executing VM operation: HandshakeAllThreads done
Event: 83.073 Executing VM operation: HandshakeAllThreads
Event: 83.073 Executing VM operation: HandshakeAllThreads done
Event: 83.384 Executing VM operation: HandshakeAllThreads
Event: 83.384 Executing VM operation: HandshakeAllThreads done
Event: 84.384 Executing VM operation: Cleanup
Event: 84.386 Executing VM operation: Cleanup done
Event: 85.387 Executing VM operation: Cleanup
Event: 85.387 Executing VM operation: Cleanup done
Event: 86.314 Executing VM operation: HandshakeAllThreads
Event: 86.314 Executing VM operation: HandshakeAllThreads done
Event: 86.447 Executing VM operation: ParallelGCFailedAllocation
Event: 86.458 Executing VM operation: ParallelGCFailedAllocation done
Event: 87.323 Executing VM operation: HandshakeAllThreads
Event: 87.323 Executing VM operation: HandshakeAllThreads done
Event: 88.285 Executing VM operation: HandshakeAllThreads
Event: 88.314 Executing VM operation: HandshakeAllThreads done
Event: 88.314 Executing VM operation: Cleanup
Event: 88.314 Executing VM operation: Cleanup done

Memory protections (0 events):
No events

Nmethod flushes (0 events):
No events

Events (20 events):
Event: 0.635 Thread 0x00000275b9ec2f10 Thread added: 0x00000275d2f296f0
Event: 0.709 Thread 0x00000275b9ec2f10 Thread added: 0x00000275d2f2a3b0
Event: 1.367 Thread 0x00000275b9ec2f10 Thread added: 0x00000275b9f24120
Event: 1.980 Thread 0x00000275b9ec2f10 Thread added: 0x00000275d31b8650
Event: 6.062 Thread 0x00000275b9ec2f10 Thread added: 0x00000275d37d9530
Event: 25.999 Thread 0x00000275b9ec2f10 Thread added: 0x00000275d37bc290
Event: 26.134 Thread 0x00000275d37bc290 Thread added: 0x00000275d3073d50
Event: 26.145 Thread 0x00000275b9ec2f10 Thread added: 0x00000275d37ae8c0
Event: 40.987 Thread 0x00000275d37ae8c0 Thread added: 0x00000275d35eefc0
Event: 63.795 Thread 0x00000275d37ae8c0 Thread added: 0x00000275d3ae7490
Event: 64.378 Thread 0x00000275d37ae8c0 Thread added: 0x00000275d3ae6f80
Event: 66.422 Thread 0x00000275d37ae8c0 Thread added: 0x00000275d3ae4700
Event: 71.148 Thread 0x00000275d3ae6f80 Thread exited: 0x00000275d3ae6f80
Event: 80.992 Thread 0x00000275d37ae8c0 Thread added: 0x00000275d3ae5120
Event: 81.153 Thread 0x00000275d37ae8c0 Thread added: 0x00000275d3ae6050
Event: 81.306 Thread 0x00000275d37ae8c0 Thread added: 0x00000275d3ae5630
Event: 81.308 Thread 0x00000275d37ae8c0 Thread added: 0x00000275d3ae3ce0
Event: 81.556 Thread 0x00000275d3ae5630 Thread added: 0x00000275d3ae5b40
Event: 88.015 Thread 0x00000275d3ae5b40 Thread added: 0x00000275d3ae6560
Event: 89.363 Thread 0x00000275d3ae6560 Thread added: 0x00000275d3ae6a70


Dynamic libraries:
0x00007ff65aec0000 - 0x00007ff65aece000 	c:\Users\Shwa\.vscode\extensions\redhat.java-1.36.0-win32-x64\jre\17.0.13-win32-x86_64\bin\java.exe
0x00007fff8f8f0000 - 0x00007fff8fae8000 	C:\WINDOWS\SYSTEM32\ntdll.dll
0x00007fff8f720000 - 0x00007fff8f7e2000 	C:\WINDOWS\System32\KERNEL32.DLL
0x00007fff8d460000 - 0x00007fff8d75e000 	C:\WINDOWS\System32\KERNELBASE.dll
0x00007fff8cf90000 - 0x00007fff8d090000 	C:\WINDOWS\System32\ucrtbase.dll
0x00007fff5bfc0000 - 0x00007fff5bfd7000 	c:\Users\Shwa\.vscode\extensions\redhat.java-1.36.0-win32-x64\jre\17.0.13-win32-x86_64\bin\jli.dll
0x00007fff8ddc0000 - 0x00007fff8df5d000 	C:\WINDOWS\System32\USER32.dll
0x00007fff8d400000 - 0x00007fff8d422000 	C:\WINDOWS\System32\win32u.dll
0x00007fff8da40000 - 0x00007fff8da6b000 	C:\WINDOWS\System32\GDI32.dll
0x00007fff8d1a0000 - 0x00007fff8d2b7000 	C:\WINDOWS\System32\gdi32full.dll
0x00007fff8d100000 - 0x00007fff8d19d000 	C:\WINDOWS\System32\msvcp_win.dll
0x00007fff55190000 - 0x00007fff551ae000 	c:\Users\Shwa\.vscode\extensions\redhat.java-1.36.0-win32-x64\jre\17.0.13-win32-x86_64\bin\VCRUNTIME140.dll
0x00007fff773a0000 - 0x00007fff7763a000 	C:\WINDOWS\WinSxS\amd64_microsoft.windows.common-controls_6595b64144ccf1df_6.0.19041.4355_none_60b8b9eb71f62e16\COMCTL32.dll
0x00007fff8dc10000 - 0x00007fff8dcae000 	C:\WINDOWS\System32\msvcrt.dll
0x00007fff8f880000 - 0x00007fff8f8af000 	C:\WINDOWS\System32\IMM32.DLL
0x00007fff872c0000 - 0x00007fff872cc000 	c:\Users\Shwa\.vscode\extensions\redhat.java-1.36.0-win32-x64\jre\17.0.13-win32-x86_64\bin\vcruntime140_1.dll
0x00007fff1e1a0000 - 0x00007fff1e22d000 	c:\Users\Shwa\.vscode\extensions\redhat.java-1.36.0-win32-x64\jre\17.0.13-win32-x86_64\bin\msvcp140.dll
0x00007ffeb2e50000 - 0x00007ffeb3abb000 	c:\Users\Shwa\.vscode\extensions\redhat.java-1.36.0-win32-x64\jre\17.0.13-win32-x86_64\bin\server\jvm.dll
0x00007fff8da70000 - 0x00007fff8db22000 	C:\WINDOWS\System32\ADVAPI32.dll
0x00007fff8efb0000 - 0x00007fff8f050000 	C:\WINDOWS\System32\sechost.dll
0x00007fff8d910000 - 0x00007fff8da33000 	C:\WINDOWS\System32\RPCRT4.dll
0x00007fff8d430000 - 0x00007fff8d457000 	C:\WINDOWS\System32\bcrypt.dll
0x00007fff8e470000 - 0x00007fff8e4db000 	C:\WINDOWS\System32\WS2_32.dll
0x00007fff8c4e0000 - 0x00007fff8c52b000 	C:\WINDOWS\SYSTEM32\POWRPROF.dll
0x00007fff63970000 - 0x00007fff63997000 	C:\WINDOWS\SYSTEM32\WINMM.dll
0x00007fff807f0000 - 0x00007fff807fa000 	C:\WINDOWS\SYSTEM32\VERSION.dll
0x00007fff8c350000 - 0x00007fff8c362000 	C:\WINDOWS\SYSTEM32\UMPDC.dll
0x00007fff8b7a0000 - 0x00007fff8b7b2000 	C:\WINDOWS\SYSTEM32\kernel.appcore.dll
0x00007fff5fb40000 - 0x00007fff5fb4a000 	c:\Users\Shwa\.vscode\extensions\redhat.java-1.36.0-win32-x64\jre\17.0.13-win32-x86_64\bin\jimage.dll
0x00007fff82430000 - 0x00007fff82614000 	C:\WINDOWS\SYSTEM32\DBGHELP.DLL
0x00007fff772d0000 - 0x00007fff77304000 	C:\WINDOWS\SYSTEM32\dbgcore.DLL
0x00007fff8d2c0000 - 0x00007fff8d342000 	C:\WINDOWS\System32\bcryptPrimitives.dll
0x00007fff60350000 - 0x00007fff6035e000 	c:\Users\Shwa\.vscode\extensions\redhat.java-1.36.0-win32-x64\jre\17.0.13-win32-x86_64\bin\instrument.dll
0x00007fff310d0000 - 0x00007fff310f5000 	c:\Users\Shwa\.vscode\extensions\redhat.java-1.36.0-win32-x64\jre\17.0.13-win32-x86_64\bin\java.dll
0x00007fff5c810000 - 0x00007fff5c828000 	c:\Users\Shwa\.vscode\extensions\redhat.java-1.36.0-win32-x64\jre\17.0.13-win32-x86_64\bin\zip.dll
0x00007fff8e4e0000 - 0x00007fff8ec4f000 	C:\WINDOWS\System32\SHELL32.dll
0x00007fff8abc0000 - 0x00007fff8b364000 	C:\WINDOWS\SYSTEM32\windows.storage.dll
0x00007fff8e110000 - 0x00007fff8e463000 	C:\WINDOWS\System32\combase.dll
0x00007fff8c8e0000 - 0x00007fff8c90e000 	C:\WINDOWS\SYSTEM32\Wldp.dll
0x00007fff8f650000 - 0x00007fff8f71d000 	C:\WINDOWS\System32\OLEAUT32.dll
0x00007fff8ec70000 - 0x00007fff8ed1d000 	C:\WINDOWS\System32\SHCORE.dll
0x00007fff8df70000 - 0x00007fff8dfc5000 	C:\WINDOWS\System32\shlwapi.dll
0x00007fff8cec0000 - 0x00007fff8cee4000 	C:\WINDOWS\SYSTEM32\profapi.dll
0x00007fff513f0000 - 0x00007fff51409000 	C:\Users\Shwa\.vscode\extensions\redhat.java-1.36.0-win32-x64\jre\17.0.13-win32-x86_64\bin\net.dll
0x00007fff82130000 - 0x00007fff8223d000 	C:\WINDOWS\SYSTEM32\WINHTTP.dll
0x00007fff8c6c0000 - 0x00007fff8c72a000 	C:\WINDOWS\system32\mswsock.dll
0x00007fff50f40000 - 0x00007fff50f56000 	C:\Users\Shwa\.vscode\extensions\redhat.java-1.36.0-win32-x64\jre\17.0.13-win32-x86_64\bin\nio.dll
0x00007fff5c230000 - 0x00007fff5c240000 	c:\Users\Shwa\.vscode\extensions\redhat.java-1.36.0-win32-x64\jre\17.0.13-win32-x86_64\bin\verify.dll
0x00007fff30800000 - 0x00007fff30845000 	C:\Users\Shwa\AppData\Roaming\Code\User\globalStorage\redhat.java\1.36.0\config_win\org.eclipse.equinox.launcher\org.eclipse.equinox.launcher.win32.win32.x86_64_1.2.1100.v20240722-2106\eclipse_11904.dll
0x00007fff8dfe0000 - 0x00007fff8e10b000 	C:\WINDOWS\System32\ole32.dll
0x00007fff8c920000 - 0x00007fff8c938000 	C:\WINDOWS\SYSTEM32\CRYPTSP.dll
0x00007fff8bf30000 - 0x00007fff8bf64000 	C:\WINDOWS\system32\rsaenh.dll
0x00007fff8ce40000 - 0x00007fff8ce6e000 	C:\WINDOWS\SYSTEM32\USERENV.dll
0x00007fff8c850000 - 0x00007fff8c85c000 	C:\WINDOWS\SYSTEM32\CRYPTBASE.dll
0x00007fff8c370000 - 0x00007fff8c3ab000 	C:\WINDOWS\SYSTEM32\IPHLPAPI.DLL
0x00007fff8f640000 - 0x00007fff8f648000 	C:\WINDOWS\System32\NSI.dll
0x00007fff84ae0000 - 0x00007fff84af7000 	C:\WINDOWS\SYSTEM32\dhcpcsvc6.DLL
0x00007fff84a30000 - 0x00007fff84a4d000 	C:\WINDOWS\SYSTEM32\dhcpcsvc.DLL
0x00007fff8c3c0000 - 0x00007fff8c48a000 	C:\WINDOWS\SYSTEM32\DNSAPI.dll
0x00007ffee4cf0000 - 0x00007ffee4d39000 	C:\Users\Shwa\AppData\Local\Temp\jna-2576383\jna13070818910683482108.dll
0x00007fff8df60000 - 0x00007fff8df68000 	C:\WINDOWS\System32\PSAPI.DLL

dbghelp: loaded successfully - version: 4.0.5 - missing functions: none
symbol engine: initialized successfully - sym options: 0x614 - pdb path: .;c:\Users\Shwa\.vscode\extensions\redhat.java-1.36.0-win32-x64\jre\17.0.13-win32-x86_64\bin;C:\WINDOWS\SYSTEM32;C:\WINDOWS\WinSxS\amd64_microsoft.windows.common-controls_6595b64144ccf1df_6.0.19041.4355_none_60b8b9eb71f62e16;c:\Users\Shwa\.vscode\extensions\redhat.java-1.36.0-win32-x64\jre\17.0.13-win32-x86_64\bin\server;C:\Users\Shwa\AppData\Roaming\Code\User\globalStorage\redhat.java\1.36.0\config_win\org.eclipse.equinox.launcher\org.eclipse.equinox.launcher.win32.win32.x86_64_1.2.1100.v20240722-2106;C:\Users\Shwa\AppData\Local\Temp\jna-2576383

VM Arguments:
jvm_args: --add-modules=ALL-SYSTEM --add-opens=java.base/java.util=ALL-UNNAMED --add-opens=java.base/java.lang=ALL-UNNAMED --add-opens=java.base/sun.nio.fs=ALL-UNNAMED -Declipse.application=org.eclipse.jdt.ls.core.id1 -Dosgi.bundles.defaultStartLevel=4 -Declipse.product=org.eclipse.jdt.ls.core.product -Djava.import.generatesMetadataFilesAtProjectRoot=false -DDetectVMInstallationsJob.disabled=true -Dfile.encoding=utf8 -XX:+UseParallelGC -XX:GCTimeRatio=4 -XX:AdaptiveSizePolicyWeight=90 -Dsun.zip.disableMemoryMapping=true -Xmx1G -Xms100m -Xlog:disable -javaagent:c:\Users\Shwa\.vscode\extensions\redhat.java-1.36.0-win32-x64\lombok\lombok-1.18.35.jar -XX:+HeapDumpOnOutOfMemoryError -XX:HeapDumpPath=c:\Users\Shwa\AppData\Roaming\Code\User\workspaceStorage\a1898ac407261464c890ef21b1251daa\redhat.java -Daether.dependencyCollector.impl=bf 
java_command: c:\Users\Shwa\.vscode\extensions\redhat.java-1.36.0-win32-x64\server\plugins\org.eclipse.equinox.launcher_1.6.900.v20240613-2009.jar -configuration c:\Users\Shwa\AppData\Roaming\Code\User\globalStorage\redhat.java\1.36.0\config_win -data c:\Users\Shwa\AppData\Roaming\Code\User\workspaceStorage\a1898ac407261464c890ef21b1251daa\redhat.java\jdt_ws --pipe=\\.\pipe\lsp-1f04bd5d457edbe6362f12bf600e6bc4-sock
java_class_path (initial): c:\Users\Shwa\.vscode\extensions\redhat.java-1.36.0-win32-x64\server\plugins\org.eclipse.equinox.launcher_1.6.900.v20240613-2009.jar
Launcher Type: SUN_STANDARD

[Global flags]
    uintx AdaptiveSizePolicyWeight                 = 90                                        {product} {command line}
     intx CICompilerCount                          = 3                                         {product} {ergonomic}
    uintx GCTimeRatio                              = 4                                         {product} {command line}
     bool HeapDumpOnOutOfMemoryError               = true                                   {manageable} {command line}
    ccstr HeapDumpPath                             = c:\Users\Shwa\AppData\Roaming\Code\User\workspaceStorage\a1898ac407261464c890ef21b1251daa\redhat.java         {manageable} {command line}
   size_t InitialHeapSize                          = 104857600                                 {product} {command line}
   size_t MaxHeapSize                              = 1073741824                                {product} {command line}
   size_t MaxNewSize                               = 357564416                                 {product} {ergonomic}
   size_t MinHeapDeltaBytes                        = 524288                                    {product} {ergonomic}
   size_t MinHeapSize                              = 104857600                                 {product} {command line}
   size_t NewSize                                  = 34603008                                  {product} {ergonomic}
    uintx NonNMethodCodeHeapSize                   = 5832780                                {pd product} {ergonomic}
    uintx NonProfiledCodeHeapSize                  = 122912730                              {pd product} {ergonomic}
   size_t OldSize                                  = 70254592                                  {product} {ergonomic}
    uintx ProfiledCodeHeapSize                     = 122912730                              {pd product} {ergonomic}
    uintx ReservedCodeCacheSize                    = 251658240                              {pd product} {ergonomic}
     bool SegmentedCodeCache                       = true                                      {product} {ergonomic}
   size_t SoftMaxHeapSize                          = 1073741824                             {manageable} {ergonomic}
     bool UseCompressedClassPointers               = true                           {product lp64_product} {ergonomic}
     bool UseCompressedOops                        = true                           {product lp64_product} {ergonomic}
     bool UseLargePagesIndividualAllocation        = false                                  {pd product} {ergonomic}
     bool UseParallelGC                            = true                                      {product} {command line}

Logging:
Log output configuration:
 #0: stdout all=off uptime,level,tags
 #1: stderr all=off uptime,level,tags

Environment Variables:
JAVA_HOME=C:\Program Files\Microsoft\jdk-11.0.24.8-hotspot\
PATH=C:\Program Files\Microsoft\jdk-11.0.24.8-hotspot\bin;C:\app\Shwa\product\21c\dbhomeXE\bin;C:\Python311\Scripts\;C:\Python311\;C:\Program Files (x86)\NVIDIA Corporation\PhysX\Common;C:\Python310\Scripts\;C:\Python310\;C:\Program Files (x86)\Common Files\Intel\Shared Libraries\redist\intel64\compiler;C:\Program Files\Common Files\Oracle\Java\javapath;C:\Program Files (x86)\Common Files\Oracle\Java\java8path;C:\Program Files (x86)\Common Files\Oracle\Java\javapath;C:\WINDOWS\system32;C:\WINDOWS;C:\WINDOWS\System32\Wbem;C:\WINDOWS\System32\WindowsPowerShell\v1.0\;C:\WINDOWS\System32\OpenSSH\;C:\Program Files\Microsoft VS Code\bin;C:\ProgramData\chocolatey\bin;C:\Program Files\dotnet\;C:\Program Files (x86)\Codebox\BitMeterOS;C:\src\flutter\bin;C:\xampp\php;C:\Program Files\Go\bin;C:\Program Files (x86)\Microsoft SQL Server\160\DTS\Binn\;C:\Program Files\Azure Data Studio\bin;C:\Program Files\Microsoft SQL Server\Client SDK\ODBC\170\Tools\Binn\;C:\Program Files (x86)\Microsoft SQL Server\150\Tools\Binn\;C:\Program Files\Microsoft SQL Server\150\Tools\Binn\;C:\Program Files\Microsoft SQL Server\150\DTS\Binn\;C:\Program Files\nodejs\;C:\Program Files\Git\cmd;C:\Users\Shwa\AppData\Local\Microsoft\WindowsApps;C:\Program Files\JetBrains\IntelliJ IDEA Community Edition 2020.2.2\bin;C:\Program Files\JetBrains\PyCharm Community Edition 2020.2.1\bin;C:\Users\Shwa\AppData\Local\GitHubDesktop\bin;C:\Users\Shwa\.dotnet\tools;C:\Users\Shwa\.dotnet\tools;C:\src\flutter\bin;C:\Users\Shwa\go\bin;C:\msys64\mingw64\bin;;C:\Program Files\Azure Data Studio\bin;C:\Users\Shwa\AppData\Roaming\npm
USERNAME=Shwa
OS=Windows_NT
PROCESSOR_IDENTIFIER=Intel64 Family 6 Model 78 Stepping 3, GenuineIntel
TMP=C:\Users\Shwa\AppData\Local\Temp
TEMP=C:\Users\Shwa\AppData\Local\Temp



Periodic native trim disabled


---------------  S Y S T E M  ---------------

OS:
 Windows 10 , 64 bit Build 19041 (10.0.19041.4957)
OS uptime: 0 days 19:51 hours
Hyper-V role detected

CPU: total 4 (initial active 4) (2 cores per cpu, 2 threads per core) family 6 model 78 stepping 3 microcode 0xcc, cx8, cmov, fxsr, ht, mmx, 3dnowpref, sse, sse2, sse3, ssse3, sse4.1, sse4.2, popcnt, lzcnt, tsc, tscinvbit, avx, avx2, aes, erms, clmul, bmi1, bmi2, adx, fma, vzeroupper, clflush, clflushopt, hv
Processor Information for all 4 processors :
  Max Mhz: 2601, Current Mhz: 2601, Mhz Limit: 2601

Memory: 4k page, system-wide physical 8050M (53M free)
TotalPageFile size 38050M (AvailPageFile size 3M)
current process WorkingSet (physical memory assigned to process): 133M, peak: 133M
current process commit charge ("private bytes"): 234M, peak: 237M

vm_info: OpenJDK 64-Bit Server VM (17.0.13+11) for windows-amd64 JRE (17.0.13+11), built on Oct 16 2024 00:10:08 by "admin" with MS VC++ 17.7 (VS2022)

END.
